2025-05-05 13:30:16,838 - INFO - RabbitMQ connection established
2025-05-05 13:30:16,840 - INFO - Declared queue: alert_queue
2025-05-05 13:30:16,840 - INFO - Declared queue: map_queue
2025-05-05 13:30:16,842 - INFO - Declared queue: userSimulator_queue
2025-05-05 13:30:16,843 - INFO - Declared queue: position_request_queue
2025-05-05 13:30:16,845 - INFO - Declared queue: evacuation_paths_queue
2025-05-05 13:30:16,848 - INFO - Started consuming from alert_queue
2025-05-05 13:30:58,848 - INFO - RabbitMQ connection established
2025-05-05 13:30:58,868 - INFO - RabbitMQ connection closed
2025-05-05 13:44:21,702 - INFO - RabbitMQ connection established
2025-05-05 13:44:21,719 - INFO - RabbitMQ connection closed
2025-05-05 13:52:24,919 - INFO - RabbitMQ connection established
2025-05-05 13:52:24,921 - INFO - Declared queue: alert_queue
2025-05-05 13:52:24,922 - INFO - Declared queue: map_queue
2025-05-05 13:52:24,923 - INFO - Declared queue: userSimulator_queue
2025-05-05 13:52:24,924 - INFO - Declared queue: position_request_queue
2025-05-05 13:52:24,924 - INFO - Declared queue: evacuation_paths_queue
2025-05-05 13:52:24,928 - INFO - Started consuming from alert_queue
2025-05-05 13:52:56,974 - INFO - RabbitMQ connection established
2025-05-05 13:52:56,988 - INFO - RabbitMQ connection closed
2025-05-05 15:45:06,834 - INFO - RabbitMQ connection established
2025-05-05 15:45:06,836 - INFO - Declared queue: alert_queue
2025-05-05 15:45:06,836 - INFO - Declared queue: map_queue
2025-05-05 15:45:06,837 - INFO - Declared queue: userSimulator_queue
2025-05-05 15:45:06,838 - INFO - Declared queue: position_request_queue
2025-05-05 15:45:06,840 - INFO - Declared queue: evacuation_paths_queue
2025-05-05 15:45:06,842 - INFO - Started consuming from alert_queue
2025-05-05 15:46:35,201 - INFO - RabbitMQ connection established
2025-05-05 15:46:35,218 - INFO - RabbitMQ connection closed
2025-05-07 11:30:38,195 - INFO - RabbitMQ connection established
2025-05-07 11:30:38,202 - INFO - Declared queue: alert_queue
2025-05-07 11:30:38,207 - INFO - Declared queue: map_manager_queue
2025-05-07 11:30:38,207 - INFO - Declared queue: userSimulator_queue
2025-05-07 11:30:38,213 - INFO - Declared queue: position_queue
2025-05-07 11:30:38,216 - INFO - Declared queue: alerted_users_queue
2025-05-07 11:30:38,221 - INFO - Declared queue: evacuation_paths_queue
2025-05-07 11:30:38,229 - INFO - Started consuming from alert_queue
2025-05-07 11:31:03,652 - INFO - RabbitMQ connection established
2025-05-07 11:31:03,676 - INFO - RabbitMQ connection closed
2025-05-07 11:32:17,204 - INFO - RabbitMQ connection established
2025-05-07 11:32:17,229 - INFO - RabbitMQ connection closed
2025-05-07 11:33:18,402 - INFO - RabbitMQ connection established
2025-05-07 11:33:18,449 - INFO - RabbitMQ connection closed
2025-05-07 12:01:47,788 - INFO - RabbitMQ connection established
2025-05-07 12:01:47,789 - INFO - Declared queue: alert_queue
2025-05-07 12:01:47,791 - INFO - Declared queue: map_manager_queue
2025-05-07 12:01:47,791 - INFO - Declared queue: userSimulator_queue
2025-05-07 12:01:47,791 - INFO - Declared queue: position_queue
2025-05-07 12:01:47,791 - INFO - Declared queue: alerted_users_queue
2025-05-07 12:01:47,791 - INFO - Declared queue: evacuation_paths_queue
2025-05-07 12:01:47,798 - INFO - Started consuming from alert_queue
2025-05-07 12:01:58,563 - INFO - RabbitMQ connection established
2025-05-07 12:01:58,589 - INFO - RabbitMQ connection closed
2025-05-07 13:15:20,408 - INFO - RabbitMQ connection established
2025-05-07 13:15:20,409 - INFO - Declared queue: alert_queue
2025-05-07 13:15:20,409 - INFO - Declared queue: map_manager_queue
2025-05-07 13:15:20,410 - INFO - Declared queue: userSimulator_queue
2025-05-07 13:15:20,410 - INFO - Declared queue: position_queue
2025-05-07 13:15:20,411 - INFO - Declared queue: alerted_users_queue
2025-05-07 13:15:20,411 - INFO - Declared queue: evacuation_paths_queue
2025-05-07 13:15:20,413 - INFO - Started consuming from alert_queue
2025-05-07 13:15:24,653 - INFO - RabbitMQ connection established
2025-05-07 13:15:24,677 - INFO - RabbitMQ connection closed
2025-05-07 13:19:40,736 - INFO - RabbitMQ connection established
2025-05-07 13:19:40,754 - INFO - RabbitMQ connection closed
2025-05-07 13:47:54,100 - INFO - RabbitMQ connection established
2025-05-07 13:47:54,112 - INFO - RabbitMQ connection closed
2025-05-07 13:54:43,174 - INFO - RabbitMQ connection established
2025-05-07 13:54:43,175 - INFO - Declared queue: alert_queue
2025-05-07 13:54:43,175 - INFO - Declared queue: map_manager_queue
2025-05-07 13:54:43,176 - INFO - Declared queue: user_simulator_queue
2025-05-07 13:54:43,177 - INFO - Declared queue: position_queue
2025-05-07 13:54:43,177 - INFO - Declared queue: alerted_users_queue
2025-05-07 13:54:43,178 - INFO - Declared queue: evacuation_paths_queue
2025-05-07 13:54:43,182 - INFO - Started consuming from alert_queue
2025-05-07 13:54:48,285 - INFO - RabbitMQ connection established
2025-05-07 13:54:48,301 - INFO - RabbitMQ connection closed
2025-05-07 13:56:53,687 - INFO - RabbitMQ connection established
2025-05-07 13:56:53,701 - INFO - RabbitMQ connection closed
2025-05-07 14:03:18,820 - INFO - RabbitMQ connection established
2025-05-07 14:03:18,833 - INFO - RabbitMQ connection closed
2025-05-07 14:03:26,025 - INFO - RabbitMQ connection established
2025-05-07 14:03:26,026 - INFO - Declared queue: alert_queue
2025-05-07 14:03:26,027 - INFO - Declared queue: map_manager_queue
2025-05-07 14:03:26,028 - INFO - Declared queue: user_simulator_queue
2025-05-07 14:03:26,030 - INFO - Declared queue: position_queue
2025-05-07 14:03:26,031 - INFO - Declared queue: alerted_users_queue
2025-05-07 14:03:26,033 - INFO - Declared queue: evacuation_paths_queue
2025-05-07 14:03:26,034 - INFO - Started consuming from alert_queue
2025-05-07 14:20:32,433 - INFO - RabbitMQ connection established
2025-05-07 14:20:32,435 - INFO - Declared queue: alert_queue
2025-05-07 14:20:32,436 - INFO - Declared queue: map_manager_queue
2025-05-07 14:20:32,437 - INFO - Declared queue: user_simulator_queue
2025-05-07 14:20:32,438 - INFO - Declared queue: position_queue
2025-05-07 14:20:32,439 - INFO - Declared queue: alerted_users_queue
2025-05-07 14:20:32,439 - INFO - Declared queue: evacuation_paths_queue
2025-05-07 14:20:32,441 - INFO - Started consuming from alert_queue
2025-05-07 14:20:38,668 - INFO - RabbitMQ connection established
2025-05-07 14:20:38,689 - INFO - RabbitMQ connection closed
